============================================================
Barricelli DNA-norm Simulation
============================================================

  [1/150] pair+elong+merge     seed= 1  splits=8  pieces=16  mean_len=17.1
  [2/150] pair+elong+merge     seed= 2  splits=7  pieces=17  mean_len=14.1
  [3/150] pair+elong+merge     seed= 3  splits=5  pieces=13  mean_len=18.1
  [4/150] pair+elong+merge     seed= 4  splits=7  pieces=24  mean_len=11.2
  [5/150] pair+elong+merge     seed= 5  splits=10  pieces=15  mean_len=20.4
  [6/150] pair+elong+merge     seed= 6  splits=10  pieces=18  mean_len=13.5
  [7/150] pair+elong+merge     seed= 7  splits=5  pieces=12  mean_len=20.1
  [8/150] pair+elong+merge     seed= 8  splits=10  pieces=20  mean_len=11.4
  [9/150] pair+elong+merge     seed= 9  splits=3  pieces=19  mean_len=12.5
  [10/150] pair+elong+merge     seed=10  splits=9  pieces=15  mean_len=18.0
  [11/150] pair+elong+merge     seed=11  splits=7  pieces=22  mean_len=11.6
  [12/150] pair+elong+merge     seed=12  splits=7  pieces=23  mean_len=10.7
  [13/150] pair+elong+merge     seed=13  splits=2  pieces=16  mean_len=15.6
  [14/150] pair+elong+merge     seed=14  splits=8  pieces=15  mean_len=16.6
  [15/150] pair+elong+merge     seed=15  splits=3  pieces=17  mean_len=13.9
  [16/150] pair+elong+merge     seed=16  splits=9  pieces=32  mean_len=8.5
  [17/150] pair+elong+merge     seed=17  splits=3  pieces=13  mean_len=17.9
  [18/150] pair+elong+merge     seed=18  splits=6  pieces=20  mean_len=12.2
  [19/150] pair+elong+merge     seed=19  splits=8  pieces=20  mean_len=13.1
  [20/150] pair+elong+merge     seed=20  splits=6  pieces=18  mean_len=13.7
  [21/150] pair+elong+merge     seed=21  splits=6  pieces=14  mean_len=17.5
  [22/150] pair+elong+merge     seed=22  splits=6  pieces=19  mean_len=12.7
  [23/150] pair+elong+merge     seed=23  splits=7  pieces=14  mean_len=19.0
  [24/150] pair+elong+merge     seed=24  splits=10  pieces=21  mean_len=13.7
  [25/150] pair+elong+merge     seed=25  splits=8  pieces=24  mean_len=10.9
  [26/150] pair+elong+merge     seed=26  splits=6  pieces=23  mean_len=11.5
  [27/150] pair+elong+merge     seed=27  splits=7  pieces=17  mean_len=14.5
  [28/150] pair+elong+merge     seed=28  splits=8  pieces=17  mean_len=15.5
  [29/150] pair+elong+merge     seed=29  splits=10  pieces=29  mean_len=8.5
  [30/150] pair+elong+merge     seed=30  splits=21  pieces=20  mean_len=12.8
  [31/150] pair+elong+merge     seed=31  splits=9  pieces=20  mean_len=13.9
  [32/150] pair+elong+merge     seed=32  splits=9  pieces=14  mean_len=20.7
  [33/150] pair+elong+merge     seed=33  splits=5  pieces=16  mean_len=14.9
  [34/150] pair+elong+merge     seed=34  splits=4  pieces=14  mean_len=17.8
  [35/150] pair+elong+merge     seed=35  splits=11  pieces=17  mean_len=16.4
  [36/150] pair+elong+merge     seed=36  splits=6  pieces=22  mean_len=12.4
  [37/150] pair+elong+merge     seed=37  splits=12  pieces=16  mean_len=17.1
  [38/150] pair+elong+merge     seed=38  splits=6  pieces=15  mean_len=17.2
  [39/150] pair+elong+merge     seed=39  splits=6  pieces=15  mean_len=16.8
  [40/150] pair+elong+merge     seed=40  splits=19  pieces=20  mean_len=13.2
  [41/150] pair+elong+merge     seed=41  splits=4  pieces=24  mean_len=9.4
  [42/150] pair+elong+merge     seed=42  splits=4  pieces=21  mean_len=11.1
  [43/150] pair+elong+merge     seed=43  splits=9  pieces=17  mean_len=17.4
  [44/150] pair+elong+merge     seed=44  splits=7  pieces=14  mean_len=17.3
  [45/150] pair+elong+merge     seed=45  splits=5  pieces=21  mean_len=11.6
  [46/150] pair+elong+merge     seed=46  splits=7  pieces=21  mean_len=11.5
  [47/150] pair+elong+merge     seed=47  splits=4  pieces=14  mean_len=18.6
  [48/150] pair+elong+merge     seed=48  splits=10  pieces=16  mean_len=17.9
  [49/150] pair+elong+merge     seed=49  splits=9  pieces=13  mean_len=21.0
  [50/150] pair+elong+merge     seed=50  splits=7  pieces=17  mean_len=16.8
  [51/150] pair+elong           seed= 1  splits=7  pieces=40  mean_len=7.0
  [52/150] pair+elong           seed= 2  splits=8  pieces=36  mean_len=7.0
  [53/150] pair+elong           seed= 3  splits=5  pieces=18  mean_len=13.2
  [54/150] pair+elong           seed= 4  splits=3  pieces=31  mean_len=7.9
  [55/150] pair+elong           seed= 5  splits=12  pieces=37  mean_len=6.8
  [56/150] pair+elong           seed= 6  splits=8  pieces=19  mean_len=12.8
  [57/150] pair+elong           seed= 7  splits=6  pieces=33  mean_len=7.4
  [58/150] pair+elong           seed= 8  splits=8  pieces=27  mean_len=9.4
  [59/150] pair+elong           seed= 9  splits=5  pieces=34  mean_len=7.5
  [60/150] pair+elong           seed=10  splits=4  pieces=18  mean_len=12.8
  [61/150] pair+elong           seed=11  splits=7  pieces=41  mean_len=6.0
  [62/150] pair+elong           seed=12  splits=10  pieces=44  mean_len=6.1
  [63/150] pair+elong           seed=13  splits=5  pieces=30  mean_len=8.6
  [64/150] pair+elong           seed=14  splits=4  pieces=35  mean_len=7.0
  [65/150] pair+elong           seed=15  splits=1  pieces=31  mean_len=7.5
  [66/150] pair+elong           seed=16  splits=11  pieces=43  mean_len=5.8
  [67/150] pair+elong           seed=17  splits=11  pieces=35  mean_len=7.3
  [68/150] pair+elong           seed=18  splits=7  pieces=27  mean_len=9.6
  [69/150] pair+elong           seed=19  splits=13  pieces=45  mean_len=6.2
  [70/150] pair+elong           seed=20  splits=4  pieces=28  mean_len=9.1
  [71/150] pair+elong           seed=21  splits=6  pieces=29  mean_len=8.9
  [72/150] pair+elong           seed=22  splits=11  pieces=31  mean_len=8.2
  [73/150] pair+elong           seed=23  splits=7  pieces=33  mean_len=8.3
  [74/150] pair+elong           seed=24  splits=12  pieces=38  mean_len=7.0
  [75/150] pair+elong           seed=25  splits=10  pieces=44  mean_len=6.0
  [76/150] pair+elong           seed=26  splits=5  pieces=45  mean_len=6.5
  [77/150] pair+elong           seed=27  splits=12  pieces=32  mean_len=7.9
  [78/150] pair+elong           seed=28  splits=10  pieces=40  mean_len=6.4
  [79/150] pair+elong           seed=29  splits=16  pieces=36  mean_len=6.9
  [80/150] pair+elong           seed=30  splits=7  pieces=38  mean_len=6.7
  [81/150] pair+elong           seed=31  splits=6  pieces=35  mean_len=7.2
  [82/150] pair+elong           seed=32  splits=8  pieces=25  mean_len=10.6
  [83/150] pair+elong           seed=33  splits=8  pieces=27  mean_len=10.2
  [84/150] pair+elong           seed=34  splits=11  pieces=27  mean_len=9.0
  [85/150] pair+elong           seed=35  splits=16  pieces=30  mean_len=8.2
  [86/150] pair+elong           seed=36  splits=7  pieces=33  mean_len=7.4
  [87/150] pair+elong           seed=37  splits=15  pieces=36  mean_len=7.1
  [88/150] pair+elong           seed=38  splits=11  pieces=35  mean_len=7.3
  [89/150] pair+elong           seed=39  splits=4  pieces=23  mean_len=10.7
  [90/150] pair+elong           seed=40  splits=10  pieces=36  mean_len=7.0
  [91/150] pair+elong           seed=41  splits=2  pieces=35  mean_len=7.1
  [92/150] pair+elong           seed=42  splits=6  pieces=39  mean_len=6.2
  [93/150] pair+elong           seed=43  splits=3  pieces=35  mean_len=7.1
  [94/150] pair+elong           seed=44  splits=6  pieces=23  mean_len=12.5
  [95/150] pair+elong           seed=45  splits=6  pieces=33  mean_len=7.7
  [96/150] pair+elong           seed=46  splits=6  pieces=26  mean_len=9.9
  [97/150] pair+elong           seed=47  splits=4  pieces=22  mean_len=11.4
  [98/150] pair+elong           seed=48  splits=9  pieces=30  mean_len=9.2
  [99/150] pair+elong           seed=49  splits=14  pieces=36  mean_len=7.5
  [100/150] pair+elong           seed=50  splits=10  pieces=29  mean_len=8.3
  [101/150] elong_only           seed= 1  splits=0  pieces=9  mean_len=44.4
  [102/150] elong_only           seed= 2  splits=0  pieces=9  mean_len=44.4
  [103/150] elong_only           seed= 3  splits=0  pieces=8  mean_len=50.0
  [104/150] elong_only           seed= 4  splits=0  pieces=11  mean_len=36.4
  [105/150] elong_only           seed= 5  splits=0  pieces=9  mean_len=44.4
  [106/150] elong_only           seed= 6  splits=0  pieces=9  mean_len=44.4
  [107/150] elong_only           seed= 7  splits=0  pieces=7  mean_len=57.1
  [108/150] elong_only           seed= 8  splits=0  pieces=9  mean_len=44.4
  [109/150] elong_only           seed= 9  splits=0  pieces=8  mean_len=50.0
  [110/150] elong_only           seed=10  splits=0  pieces=10  mean_len=40.0
  [111/150] elong_only           seed=11  splits=0  pieces=7  mean_len=57.1
  [112/150] elong_only           seed=12  splits=0  pieces=8  mean_len=50.0
  [113/150] elong_only           seed=13  splits=0  pieces=8  mean_len=50.0
  [114/150] elong_only           seed=14  splits=0  pieces=7  mean_len=57.1
  [115/150] elong_only           seed=15  splits=0  pieces=8  mean_len=50.0
  [116/150] elong_only           seed=16  splits=0  pieces=8  mean_len=50.0
  [117/150] elong_only           seed=17  splits=0  pieces=8  mean_len=50.0
  [118/150] elong_only           seed=18  splits=0  pieces=9  mean_len=44.4
  [119/150] elong_only           seed=19  splits=0  pieces=9  mean_len=44.4
  [120/150] elong_only           seed=20  splits=0  pieces=8  mean_len=50.0
  [121/150] elong_only           seed=21  splits=0  pieces=8  mean_len=50.0
  [122/150] elong_only           seed=22  splits=0  pieces=7  mean_len=57.1
  [123/150] elong_only           seed=23  splits=0  pieces=8  mean_len=50.0
  [124/150] elong_only           seed=24  splits=0  pieces=8  mean_len=50.0
  [125/150] elong_only           seed=25  splits=0  pieces=7  mean_len=57.1
  [126/150] elong_only           seed=26  splits=0  pieces=7  mean_len=57.1
  [127/150] elong_only           seed=27  splits=0  pieces=9  mean_len=44.4
  [128/150] elong_only           seed=28  splits=0  pieces=9  mean_len=44.4
  [129/150] elong_only           seed=29  splits=0  pieces=8  mean_len=50.0
  [130/150] elong_only           seed=30  splits=0  pieces=9  mean_len=44.4
  [131/150] elong_only           seed=31  splits=0  pieces=8  mean_len=50.0
  [132/150] elong_only           seed=32  splits=0  pieces=8  mean_len=50.0
  [133/150] elong_only           seed=33  splits=0  pieces=9  mean_len=44.4
  [134/150] elong_only           seed=34  splits=0  pieces=8  mean_len=50.0
  [135/150] elong_only           seed=35  splits=0  pieces=8  mean_len=50.0
  [136/150] elong_only           seed=36  splits=0  pieces=8  mean_len=50.0
  [137/150] elong_only           seed=37  splits=0  pieces=7  mean_len=57.1
  [138/150] elong_only           seed=38  splits=0  pieces=9  mean_len=44.4
  [139/150] elong_only           seed=39  splits=0  pieces=9  mean_len=44.4
  [140/150] elong_only           seed=40  splits=0  pieces=9  mean_len=44.4
  [141/150] elong_only           seed=41  splits=0  pieces=8  mean_len=50.0
  [142/150] elong_only           seed=42  splits=0  pieces=8  mean_len=50.0
  [143/150] elong_only           seed=43  splits=0  pieces=8  mean_len=50.0
  [144/150] elong_only           seed=44  splits=0  pieces=8  mean_len=50.0
  [145/150] elong_only           seed=45  splits=0  pieces=8  mean_len=50.0
  [146/150] elong_only           seed=46  splits=0  pieces=8  mean_len=50.0
  [147/150] elong_only           seed=47  splits=0  pieces=10  mean_len=40.0
  [148/150] elong_only           seed=48  splits=0  pieces=8  mean_len=50.0
  [149/150] elong_only           seed=49  splits=0  pieces=8  mean_len=50.0
  [150/150] elong_only           seed=50  splits=0  pieces=7  mean_len=57.1

Wrote metrics.csv (60000 rows)
Wrote survival.csv (87617 rows)
